#
# There is insufficient memory for the Java Runtime Environment to continue.
# Cannot create worker GC thread. Out of system resources.
# Possible reasons:
#   The system is out of physical RAM or swap space
#   The process is running with CompressedOops enabled, and the Java Heap may be blocking the growth of the native heap
# Possible solutions:
#   Reduce memory load on the system
#   Increase physical memory or swap space
#   Check if swap backing store is full
#   Decrease Java heap size (-Xmx/-Xms)
#   Decrease number of Java threads
#   Decrease Java thread stack sizes (-Xss)
#   Set larger code cache with -XX:ReservedCodeCacheSize=
#   JVM is running with Zero Based Compressed Oops mode in which the Java heap is
#     placed in the first 32GB address space. The Java Heap base address is the
#     maximum limit for the native heap growth. Please use -XX:HeapBaseMinAddress
#     to set the Java Heap base and to place the Java Heap above 32GB virtual address.
# This output file may be truncated or incomplete.
#
#  Out of Memory Error (workerManager.hpp:87), pid=202640, tid=202641
#
# JRE version:  (17.0.8.1+1) (build )
# Java VM: OpenJDK 64-Bit Server VM (17.0.8.1+1, mixed mode, sharing, tiered, compressed oops, compressed class ptrs, g1 gc, linux-amd64)
# Core dump will be written. Default location: Core dumps may be processed with "/usr/share/apport/apport -p%p -s%s -c%c -d%d -P%P -u%u -g%g -- %E" (or dumping to /home/cim/ug/zkac422/PROJECT/core.202640)
#

---------------  S U M M A R Y ------------

Command Line: -Denv.class.path=.:/apps/jade/lib/jade.jar:/apps/share/java/rhulDrawing:/apps/jade/lib/jade.jar:/apps/share/java/rhulDrawing -Dapplication.home=/home/cim/ug/zkac422/.vscode/extensions/redhat.java-1.24.0-linux-x64/jre/17.0.8.1-linux-x86_64 -Xms8m -Djdk.module.main=jdk.jcmd jdk.jcmd/sun.tools.jcmd.JCmd 191785 VM.uptime

Host: Intel(R) Xeon(R) Gold 6252 CPU @ 2.10GHz, 24 cores, 188G, Ubuntu 22.04.3 LTS
Time: Tue Nov 14 05:14:15 2023 GMT elapsed time: 0.012762 seconds (0d 0h 0m 0s)

---------------  T H R E A D  ---------------

Current thread (0x00007faa34027d60):  JavaThread "Unknown thread" [_thread_in_vm, id=202641, stack(0x00007faa388ad000,0x00007faa389ad000)]

Stack: [0x00007faa388ad000,0x00007faa389ad000],  sp=0x00007faa389ab530,  free space=1017k
Native frames: (J=compiled Java code, j=interpreted, Vv=VM code, C=native code)
V  [libjvm.so+0xee4991]  VMError::report_and_die(int, char const*, char const*, __va_list_tag*, Thread*, unsigned char*, void*, void*, char const*, int, unsigned long)+0x1a1
V  [libjvm.so+0xee555d]  VMError::report_and_die(Thread*, char const*, int, unsigned long, VMErrorType, char const*, __va_list_tag*)+0x2d
V  [libjvm.so+0x60a69c]  report_vm_out_of_memory(char const*, int, unsigned long, VMErrorType, char const*, ...)+0xdc
V  [libjvm.so+0xf1836f]  WorkerManager::add_workers(WorkGang*, unsigned int, unsigned int, unsigned int, os::ThreadType, bool)+0x18f
V  [libjvm.so+0xf1850a]  WorkGang::initialize_workers()+0x4a
V  [libjvm.so+0x7023c3]  G1ConcurrentMark::G1ConcurrentMark(G1CollectedHeap*, G1RegionToSpaceMapper*, G1RegionToSpaceMapper*)+0x553
V  [libjvm.so+0x6f0f2c]  G1CollectedHeap::initialize()+0x70c
V  [libjvm.so+0xe93592]  universe_init()+0xd2
V  [libjvm.so+0x7fd387]  init_globals()+0x37
V  [libjvm.so+0xe6a9d7]  Threads::create_vm(JavaVMInitArgs*, bool*)+0x387
V  [libjvm.so+0x8bbe82]  JNI_CreateJavaVM+0x52
C  [libjli.so+0x4a0f]  JavaMain+0x8f
C  [libjli.so+0x8d09]  ThreadJavaMain+0x9


---------------  P R O C E S S  ---------------

Threads class SMR info:
_java_thread_list=0x00007faa39dd8a80, length=0, elements={
}

Java Threads: ( => current thread )

Other Threads:
  0x00007faa3405d0f0 GCTaskThread "GC Thread#0" [stack: 0x00007fa9d98d9000,0x00007fa9d99d9000] [id=202642]

[error occurred during error reporting (printing all threads), id 0xb, SIGSEGV (0xb) at pc=0x00007faa39196710]

VM state: not at safepoint (not fully initialized)

VM Mutex/Monitor currently owned by a thread:  ([mutex/lock_event])
[0x00007faa34023d30] Heap_lock - owner thread: 0x00007faa34027d60

Heap address: 0x0000000082000000, size: 30688 MB, Compressed Oops mode: Zero based, Oop shift amount: 3

CDS archive(s) mapped at: [0x0000000000000000-0x0000000000000000-0x0000000000000000), size 0, SharedBaseAddress: 0x0000000800000000, ArchiveRelocationMode: 1.
Narrow klass base: 0x0000000000000000, Narrow klass shift: 0, Narrow klass range: 0x0

GC Precious Log:
<Empty>

Heap:
 garbage-first heap   total 0K, used 0K [0x0000000082000000, 0x0000000800000000)
  region size 16384K, 0 young (0K), 0 survivors (0K)

[error occurred during error reporting (printing heap information), id 0xb, SIGSEGV (0xb) at pc=0x00007faa3975aa1a]

GC Heap History (0 events):
No events

Dll operation events (1 events):
Event: 0.004 Loaded shared library /home/cim/ug/zkac422/.vscode/extensions/redhat.java-1.24.0-linux-x64/jre/17.0.8.1-linux-x86_64/lib/libjava.so

Deoptimization events (0 events):
No events

Classes unloaded (0 events):
No events

Classes redefined (0 events):
No events

Internal exceptions (0 events):
No events

VM Operations (0 events):
No events

Events (1 events):
Event: 0.003 Protecting memory [0x00007faa388ad000,0x00007faa388b1000] with protection modes 0


Dynamic libraries:
82000000-800000000 ---p 00000000 00:00 0 
562fee0c2000-562fee0c3000 r--p 00000000 00:2c 22292523                   /home/cim/ug/zkac422/.vscode/extensions/redhat.java-1.24.0-linux-x64/jre/17.0.8.1-linux-x86_64/bin/jcmd
562fee0c3000-562fee0c4000 r-xp 00001000 00:2c 22292523                   /home/cim/ug/zkac422/.vscode/extensions/redhat.java-1.24.0-linux-x64/jre/17.0.8.1-linux-x86_64/bin/jcmd
562fee0c4000-562fee0c5000 r--p 00002000 00:2c 22292523                   /home/cim/ug/zkac422/.vscode/extensions/redhat.java-1.24.0-linux-x64/jre/17.0.8.1-linux-x86_64/bin/jcmd
562fee0c5000-562fee0c6000 r--p 00002000 00:2c 22292523                   /home/cim/ug/zkac422/.vscode/extensions/redhat.java-1.24.0-linux-x64/jre/17.0.8.1-linux-x86_64/bin/jcmd
562fee0c6000-562fee0c7000 rw-p 00003000 00:2c 22292523                   /home/cim/ug/zkac422/.vscode/extensions/redhat.java-1.24.0-linux-x64/jre/17.0.8.1-linux-x86_64/bin/jcmd
562fee3fa000-562fee442000 rw-p 00000000 00:00 0                          [heap]
7fa9d4000000-7fa9d4021000 rw-p 00000000 00:00 0 
7fa9d4021000-7fa9d8000000 ---p 00000000 00:00 0 
7fa9d93e7000-7fa9d97d5000 rw-p 00000000 00:00 0 
7fa9d97d5000-7fa9d97d6000 ---p 00000000 00:00 0 
7fa9d97d6000-7fa9d98d7000 rw-p 00000000 00:00 0 
7fa9d98d7000-7fa9d98d8000 ---p 00000000 00:00 0 
7fa9d98d8000-7fa9d9b45000 rw-p 00000000 00:00 0 
7fa9d9b45000-7faa20e15000 ---p 00000000 00:00 0 
7faa20e15000-7faa21b11000 rw-p 00000000 00:00 0 
7faa21b11000-7faa21d81000 rwxp 00000000 00:00 0 
7faa21d81000-7faa28f70000 ---p 00000000 00:00 0 
7faa28f70000-7faa291e0000 rwxp 00000000 00:00 0 
7faa291e0000-7faa296b1000 ---p 00000000 00:00 0 
7faa296b1000-7faa29921000 rwxp 00000000 00:00 0 
7faa29921000-7faa30b11000 ---p 00000000 00:00 0 
7faa30b11000-7faa313e5000 r--s 00000000 08:02 917862                     /var/lib/sss/mc/passwd
7faa313e5000-7faa34000000 r--s 00000000 00:2c 11796244                   /home/cim/ug/zkac422/.vscode/extensions/redhat.java-1.24.0-linux-x64/jre/17.0.8.1-linux-x86_64/lib/modules
7faa34000000-7faa3407e000 rw-p 00000000 00:00 0 
7faa3407e000-7faa38000000 ---p 00000000 00:00 0 
7faa38075000-7faa38680000 rw-p 00000000 00:00 0 
7faa38680000-7faa38764000 ---p 00000000 00:00 0 
7faa38764000-7faa38769000 rw-p 00000000 00:00 0 
7faa38769000-7faa3884d000 ---p 00000000 00:00 0 
7faa3884d000-7faa38852000 rw-p 00000000 00:00 0 
7faa38852000-7faa3885c000 ---p 00000000 00:00 0 
7faa3885c000-7faa38869000 r--p 00000000 00:2c 11796203                   /home/cim/ug/zkac422/.vscode/extensions/redhat.java-1.24.0-linux-x64/jre/17.0.8.1-linux-x86_64/lib/libjava.so
7faa38869000-7faa3887b000 r-xp 0000d000 00:2c 11796203                   /home/cim/ug/zkac422/.vscode/extensions/redhat.java-1.24.0-linux-x64/jre/17.0.8.1-linux-x86_64/lib/libjava.so
7faa3887b000-7faa38881000 r--p 0001f000 00:2c 11796203                   /home/cim/ug/zkac422/.vscode/extensions/redhat.java-1.24.0-linux-x64/jre/17.0.8.1-linux-x86_64/lib/libjava.so
7faa38881000-7faa38882000 ---p 00025000 00:2c 11796203                   /home/cim/ug/zkac422/.vscode/extensions/redhat.java-1.24.0-linux-x64/jre/17.0.8.1-linux-x86_64/lib/libjava.so
7faa38882000-7faa38883000 r--p 00025000 00:2c 11796203                   /home/cim/ug/zkac422/.vscode/extensions/redhat.java-1.24.0-linux-x64/jre/17.0.8.1-linux-x86_64/lib/libjava.so
7faa38883000-7faa38884000 rw-p 00026000 00:2c 11796203                   /home/cim/ug/zkac422/.vscode/extensions/redhat.java-1.24.0-linux-x64/jre/17.0.8.1-linux-x86_64/lib/libjava.so
7faa38884000-7faa38885000 rw-p 00000000 00:00 0 
7faa38885000-7faa3888d000 rw-s 00000000 00:24 122850                     /tmp/hsperfdata_zkac422/202640 (deleted)
7faa3888d000-7faa38891000 r--p 00000000 00:2c 11796210                   /home/cim/ug/zkac422/.vscode/extensions/redhat.java-1.24.0-linux-x64/jre/17.0.8.1-linux-x86_64/lib/libjimage.so
7faa38891000-7faa388a4000 r-xp 00004000 00:2c 11796210                   /home/cim/ug/zkac422/.vscode/extensions/redhat.java-1.24.0-linux-x64/jre/17.0.8.1-linux-x86_64/lib/libjimage.so
7faa388a4000-7faa388aa000 r--p 00017000 00:2c 11796210                   /home/cim/ug/zkac422/.vscode/extensions/redhat.java-1.24.0-linux-x64/jre/17.0.8.1-linux-x86_64/lib/libjimage.so
7faa388aa000-7faa388ac000 r--p 0001c000 00:2c 11796210                   /home/cim/ug/zkac422/.vscode/extensions/redhat.java-1.24.0-linux-x64/jre/17.0.8.1-linux-x86_64/lib/libjimage.so
7faa388ac000-7faa388ad000 rw-p 0001e000 00:2c 11796210                   /home/cim/ug/zkac422/.vscode/extensions/redhat.java-1.24.0-linux-x64/jre/17.0.8.1-linux-x86_64/lib/libjimage.so
7faa388ad000-7faa388b1000 ---p 00000000 00:00 0 
7faa388b1000-7faa389ad000 rw-p 00000000 00:00 0 
7faa389ad000-7faa389bb000 r--p 00000000 08:02 4724417                    /lib/x86_64-linux-gnu/libm.so.6
7faa389bb000-7faa38a37000 r-xp 0000e000 08:02 4724417                    /lib/x86_64-linux-gnu/libm.so.6
7faa38a37000-7faa38a92000 r--p 0008a000 08:02 4724417                    /lib/x86_64-linux-gnu/libm.so.6
7faa38a92000-7faa38a93000 r--p 000e4000 08:02 4724417                    /lib/x86_64-linux-gnu/libm.so.6
7faa38a93000-7faa38a94000 rw-p 000e5000 08:02 4724417                    /lib/x86_64-linux-gnu/libm.so.6
7faa38a94000-7faa38a95000 r--p 00000000 08:02 4724430                    /lib/x86_64-linux-gnu/librt.so.1
7faa38a95000-7faa38a96000 r-xp 00001000 08:02 4724430                    /lib/x86_64-linux-gnu/librt.so.1
7faa38a96000-7faa38a97000 r--p 00002000 08:02 4724430                    /lib/x86_64-linux-gnu/librt.so.1
7faa38a97000-7faa38a98000 r--p 00002000 08:02 4724430                    /lib/x86_64-linux-gnu/librt.so.1
7faa38a98000-7faa38a99000 rw-p 00003000 08:02 4724430                    /lib/x86_64-linux-gnu/librt.so.1
7faa38a99000-7faa38cec000 r--p 00000000 00:2c 11796269                   /home/cim/ug/zkac422/.vscode/extensions/redhat.java-1.24.0-linux-x64/jre/17.0.8.1-linux-x86_64/lib/server/libjvm.so
7faa38cec000-7faa39a0e000 r-xp 00253000 00:2c 11796269                   /home/cim/ug/zkac422/.vscode/extensions/redhat.java-1.24.0-linux-x64/jre/17.0.8.1-linux-x86_64/lib/server/libjvm.so
7faa39a0e000-7faa39c9b000 r--p 00f75000 00:2c 11796269                   /home/cim/ug/zkac422/.vscode/extensions/redhat.java-1.24.0-linux-x64/jre/17.0.8.1-linux-x86_64/lib/server/libjvm.so
7faa39c9b000-7faa39d54000 r--p 01201000 00:2c 11796269                   /home/cim/ug/zkac422/.vscode/extensions/redhat.java-1.24.0-linux-x64/jre/17.0.8.1-linux-x86_64/lib/server/libjvm.so
7faa39d54000-7faa39d89000 rw-p 012ba000 00:2c 11796269                   /home/cim/ug/zkac422/.vscode/extensions/redhat.java-1.24.0-linux-x64/jre/17.0.8.1-linux-x86_64/lib/server/libjvm.so
7faa39d89000-7faa39de6000 rw-p 00000000 00:00 0 
7faa39de6000-7faa39e0e000 r--p 00000000 08:02 4724413                    /lib/x86_64-linux-gnu/libc.so.6
7faa39e0e000-7faa39fa3000 r-xp 00028000 08:02 4724413                    /lib/x86_64-linux-gnu/libc.so.6
7faa39fa3000-7faa39ffb000 r--p 001bd000 08:02 4724413                    /lib/x86_64-linux-gnu/libc.so.6
7faa39ffb000-7faa39fff000 r--p 00214000 08:02 4724413                    /lib/x86_64-linux-gnu/libc.so.6
7faa39fff000-7faa3a001000 rw-p 00218000 08:02 4724413                    /lib/x86_64-linux-gnu/libc.so.6
7faa3a001000-7faa3a010000 rw-p 00000000 00:00 0 
7faa3a010000-7faa3a011000 r--p 00000000 08:02 4724416                    /lib/x86_64-linux-gnu/libdl.so.2
7faa3a011000-7faa3a012000 r-xp 00001000 08:02 4724416                    /lib/x86_64-linux-gnu/libdl.so.2
7faa3a012000-7faa3a013000 r--p 00002000 08:02 4724416                    /lib/x86_64-linux-gnu/libdl.so.2
7faa3a013000-7faa3a014000 r--p 00002000 08:02 4724416                    /lib/x86_64-linux-gnu/libdl.so.2
7faa3a014000-7faa3a015000 rw-p 00003000 08:02 4724416                    /lib/x86_64-linux-gnu/libdl.so.2
7faa3a015000-7faa3a016000 r--p 00000000 08:02 4724428                    /lib/x86_64-linux-gnu/libpthread.so.0
7faa3a016000-7faa3a017000 r-xp 00001000 08:02 4724428                    /lib/x86_64-linux-gnu/libpthread.so.0
7faa3a017000-7faa3a018000 r--p 00002000 08:02 4724428                    /lib/x86_64-linux-gnu/libpthread.so.0
7faa3a018000-7faa3a019000 r--p 00002000 08:02 4724428                    /lib/x86_64-linux-gnu/libpthread.so.0
7faa3a019000-7faa3a01a000 rw-p 00003000 08:02 4724428                    /lib/x86_64-linux-gnu/libpthread.so.0
7faa3a01a000-7faa3a01d000 r--p 00000000 00:2c 11796212                   /home/cim/ug/zkac422/.vscode/extensions/redhat.java-1.24.0-linux-x64/jre/17.0.8.1-linux-x86_64/lib/libjli.so
7faa3a01d000-7faa3a027000 r-xp 00003000 00:2c 11796212                   /home/cim/ug/zkac422/.vscode/extensions/redhat.java-1.24.0-linux-x64/jre/17.0.8.1-linux-x86_64/lib/libjli.so
7faa3a027000-7faa3a02a000 r--p 0000d000 00:2c 11796212                   /home/cim/ug/zkac422/.vscode/extensions/redhat.java-1.24.0-linux-x64/jre/17.0.8.1-linux-x86_64/lib/libjli.so
7faa3a02a000-7faa3a02b000 ---p 00010000 00:2c 11796212                   /home/cim/ug/zkac422/.vscode/extensions/redhat.java-1.24.0-linux-x64/jre/17.0.8.1-linux-x86_64/lib/libjli.so
7faa3a02b000-7faa3a02c000 r--p 00010000 00:2c 11796212                   /home/cim/ug/zkac422/.vscode/extensions/redhat.java-1.24.0-linux-x64/jre/17.0.8.1-linux-x86_64/lib/libjli.so
7faa3a02c000-7faa3a02d000 rw-p 00011000 00:2c 11796212                   /home/cim/ug/zkac422/.vscode/extensions/redhat.java-1.24.0-linux-x64/jre/17.0.8.1-linux-x86_64/lib/libjli.so
7faa3a02d000-7faa3a02f000 r--p 00000000 08:02 4724003                    /lib/x86_64-linux-gnu/libz.so.1.2.11
7faa3a02f000-7faa3a040000 r-xp 00002000 08:02 4724003                    /lib/x86_64-linux-gnu/libz.so.1.2.11
7faa3a040000-7faa3a046000 r--p 00013000 08:02 4724003                    /lib/x86_64-linux-gnu/libz.so.1.2.11
7faa3a046000-7faa3a047000 ---p 00019000 08:02 4724003                    /lib/x86_64-linux-gnu/libz.so.1.2.11
7faa3a047000-7faa3a048000 r--p 00019000 08:02 4724003                    /lib/x86_64-linux-gnu/libz.so.1.2.11
7faa3a048000-7faa3a049000 rw-p 0001a000 08:02 4724003                    /lib/x86_64-linux-gnu/libz.so.1.2.11
7faa3a04a000-7faa3a04c000 r--p 00000000 08:02 4724029                    /lib/x86_64-linux-gnu/libnss_sss.so.2
7faa3a04c000-7faa3a053000 r-xp 00002000 08:02 4724029                    /lib/x86_64-linux-gnu/libnss_sss.so.2
7faa3a053000-7faa3a055000 r--p 00009000 08:02 4724029                    /lib/x86_64-linux-gnu/libnss_sss.so.2
7faa3a055000-7faa3a056000 r--p 0000a000 08:02 4724029                    /lib/x86_64-linux-gnu/libnss_sss.so.2
7faa3a056000-7faa3a057000 rw-p 0000b000 08:02 4724029                    /lib/x86_64-linux-gnu/libnss_sss.so.2
7faa3a057000-7faa3a059000 r--p 00000000 08:02 4724421                    /lib/x86_64-linux-gnu/libnss_compat.so.2
7faa3a059000-7faa3a060000 r-xp 00002000 08:02 4724421                    /lib/x86_64-linux-gnu/libnss_compat.so.2
7faa3a060000-7faa3a061000 r--p 00009000 08:02 4724421                    /lib/x86_64-linux-gnu/libnss_compat.so.2
7faa3a061000-7faa3a062000 r--p 00009000 08:02 4724421                    /lib/x86_64-linux-gnu/libnss_compat.so.2
7faa3a062000-7faa3a063000 rw-p 0000a000 08:02 4724421                    /lib/x86_64-linux-gnu/libnss_compat.so.2
7faa3a063000-7faa3a064000 ---p 00000000 00:00 0 
7faa3a064000-7faa3a065000 r--p 00000000 00:00 0 
7faa3a065000-7faa3a067000 rw-p 00000000 00:00 0 
7faa3a067000-7faa3a069000 r--p 00000000 08:02 4724063                    /lib/x86_64-linux-gnu/ld-linux-x86-64.so.2
7faa3a069000-7faa3a093000 r-xp 00002000 08:02 4724063                    /lib/x86_64-linux-gnu/ld-linux-x86-64.so.2
7faa3a093000-7faa3a09e000 r--p 0002c000 08:02 4724063                    /lib/x86_64-linux-gnu/ld-linux-x86-64.so.2
7faa3a09e000-7faa3a09f000 ---p 00000000 00:00 0 
7faa3a09f000-7faa3a0a1000 r--p 00037000 08:02 4724063                    /lib/x86_64-linux-gnu/ld-linux-x86-64.so.2
7faa3a0a1000-7faa3a0a3000 rw-p 00039000 08:02 4724063                    /lib/x86_64-linux-gnu/ld-linux-x86-64.so.2
7fff88646000-7fff88667000 rw-p 00000000 00:00 0                          [stack]
7fff88749000-7fff8874d000 r--p 00000000 00:00 0                          [vvar]
7fff8874d000-7fff8874f000 r-xp 00000000 00:00 0                          [vdso]
ffffffffff600000-ffffffffff601000 --xp 00000000 00:00 0                  [vsyscall]


VM Arguments:
jvm_args: -Denv.class.path=.:/apps/jade/lib/jade.jar:/apps/share/java/rhulDrawing:/apps/jade/lib/jade.jar:/apps/share/java/rhulDrawing -Dapplication.home=/home/cim/ug/zkac422/.vscode/extensions/redhat.java-1.24.0-linux-x64/jre/17.0.8.1-linux-x86_64 -Xms8m -Djdk.module.main=jdk.jcmd 
java_command: jdk.jcmd/sun.tools.jcmd.JCmd 191785 VM.uptime
java_class_path (initial): <not set>
Launcher Type: SUN_STANDARD

[Global flags]
     intx CICompilerCount                          = 12                                        {product} {ergonomic}
     uint ConcGCThreads                            = 5                                         {product} {ergonomic}
     uint G1ConcRefinementThreads                  = 18                                        {product} {ergonomic}
   size_t G1HeapRegionSize                         = 16777216                                  {product} {ergonomic}
    uintx GCDrainStackTargetSize                   = 64                                        {product} {ergonomic}
   size_t InitialHeapSize                          = 16777216                                  {product} {command line, ergonomic}
   size_t MarkStackSize                            = 4194304                                   {product} {ergonomic}
   size_t MaxHeapSize                              = 32178700288                               {product} {ergonomic}
   size_t MinHeapDeltaBytes                        = 16777216                                  {product} {ergonomic}
   size_t MinHeapSize                              = 16777216                                  {product} {command line, ergonomic}
    uintx NonNMethodCodeHeapSize                   = 7602480                                {pd product} {ergonomic}
    uintx NonProfiledCodeHeapSize                  = 122027880                              {pd product} {ergonomic}
    uintx ProfiledCodeHeapSize                     = 122027880                              {pd product} {ergonomic}
    uintx ReservedCodeCacheSize                    = 251658240                              {pd product} {ergonomic}
     bool SegmentedCodeCache                       = true                                      {product} {ergonomic}
   size_t SoftMaxHeapSize                          = 32178700288                            {manageable} {ergonomic}
     bool UseCompressedClassPointers               = true                           {product lp64_product} {ergonomic}
     bool UseCompressedOops                        = true                           {product lp64_product} {ergonomic}
     bool UseG1GC                                  = true                                      {product} {ergonomic}

Logging:
Log output configuration:
 #0: stdout all=warning uptime,level,tags
 #1: stderr all=off uptime,level,tags

Environment Variables:
CLASSPATH=.:/apps/jade/lib/jade.jar:/apps/share/java/rhulDrawing:/apps/jade/lib/jade.jar:/apps/share/java/rhulDrawing
PATH=/usr/local/sbin:/usr/local/bin:/usr/sbin:/usr/bin:/sbin:/bin:/home/cim/ug/zkac422/.dotnet/tools:/opt/puppetlabs/bin:/apps/x86_64Linux/blast/bin:/apps/x86_64Linux/hmmer:/apps/apache-jena/bin:/apps/pellet/bin:/opt/mpich/ch-p4/bin:/home/cim/ug/zkac422/.dotnet/tools
USERNAME=zkac422
SHELL=/bin/bash
DISPLAY=:1004
LANG=en_GB.UTF-8

Active Locale:
LC_ALL=C
LC_COLLATE=C
LC_CTYPE=C
LC_MESSAGES=C
LC_MONETARY=C
LC_NUMERIC=C
LC_TIME=C

Signal Handlers:
   SIGSEGV: crash_handler in libjvm.so, mask=11100100010111111101111111111110, flags=SA_RESTART|SA_SIGINFO, unblocked
    SIGBUS: crash_handler in libjvm.so, mask=11100100010111111101111111111110, flags=SA_RESTART|SA_SIGINFO, unblocked
    SIGFPE: crash_handler in libjvm.so, mask=11100100010111111101111111111110, flags=SA_RESTART|SA_SIGINFO, unblocked
   SIGPIPE: javaSignalHandler in libjvm.so, mask=11100100010111111101111111111110, flags=SA_RESTART|SA_SIGINFO, blocked
   SIGXFSZ: javaSignalHandler in libjvm.so, mask=11100100010111111101111111111110, flags=SA_RESTART|SA_SIGINFO, blocked
    SIGILL: crash_handler in libjvm.so, mask=11100100010111111101111111111110, flags=SA_RESTART|SA_SIGINFO, unblocked
   SIGUSR2: SR_handler in libjvm.so, mask=00000000000000000000000000000000, flags=SA_RESTART|SA_SIGINFO, blocked
    SIGHUP: SIG_DFL, mask=00000000000000000000000000000000, flags=none, blocked
    SIGINT: SIG_DFL, mask=00000000000000000000000000000000, flags=none, blocked
   SIGTERM: SIG_DFL, mask=00000000000000000000000000000000, flags=none, blocked
   SIGQUIT: UserHandler in libjvm.so, mask=11100100010111111101111111111110, flags=SA_RESTART|SA_SIGINFO, blocked
   SIGTRAP: crash_handler in libjvm.so, mask=11100100010111111101111111111110, flags=SA_RESTART|SA_SIGINFO, unblocked


---------------  S Y S T E M  ---------------

OS:
DISTRIB_ID=Ubuntu
DISTRIB_RELEASE=22.04
DISTRIB_CODENAME=jammy
DISTRIB_DESCRIPTION="Ubuntu 22.04.3 LTS"
uname: Linux 5.15.0-88-generic #98-Ubuntu SMP Mon Oct 2 15:18:56 UTC 2023 x86_64
OS uptime: 6 days 22:04 hours
libc: glibc 2.35 NPTL 2.35 
rlimit (soft/hard): STACK 8192k/300000k , CORE 0k/infinity , NPROC 800/1000 , NOFILE 1048576/1048576 , AS 134217728k/268435456k , CPU infinity/infinity , DATA infinity/infinity , FSIZE infinity/infinity , MEMLOCK 24757292k/24757292k
load average: 3.89 3.46 3.04

/proc/meminfo:
MemTotal:       198058340 kB
MemFree:        105342668 kB
MemAvailable:   158431532 kB
Buffers:         1032132 kB
Cached:         52506344 kB
SwapCached:            0 kB
Active:         16959068 kB
Inactive:       69037140 kB
Active(anon):     339056 kB
Inactive(anon): 34544288 kB
Active(file):   16620012 kB
Inactive(file): 34492852 kB
Unevictable:        2704 kB
Mlocked:            2704 kB
SwapTotal:      31249404 kB
SwapFree:       31249404 kB
Dirty:               372 kB
Writeback:            12 kB
AnonPages:      32460384 kB
Mapped:          4294424 kB
Shmem:           2425604 kB
KReclaimable:    3428300 kB
Slab:            4463764 kB
SReclaimable:    3428300 kB
SUnreclaim:      1035464 kB
KernelStack:      220080 kB
PageTables:       488060 kB
NFS_Unstable:          0 kB
Bounce:                0 kB
WritebackTmp:          0 kB
CommitLimit:    130278572 kB
Committed_AS:   155294548 kB
VmallocTotal:   34359738367 kB
VmallocUsed:      516252 kB
VmallocChunk:          0 kB
Percpu:           510720 kB
HardwareCorrupted:     0 kB
AnonHugePages:         0 kB
ShmemHugePages:        0 kB
ShmemPmdMapped:        0 kB
FileHugePages:         0 kB
FilePmdMapped:         0 kB
HugePages_Total:       0
HugePages_Free:        0
HugePages_Rsvd:        0
HugePages_Surp:        0
Hugepagesize:       2048 kB
Hugetlb:               0 kB
DirectMap4k:     3037056 kB
DirectMap2M:    92383232 kB
DirectMap1G:    108003328 kB

/sys/kernel/mm/transparent_hugepage/enabled: always [madvise] never
/sys/kernel/mm/transparent_hugepage/defrag (defrag/compaction efforts parameter): always defer defer+madvise [madvise] never

Process Memory:
Virtual Size: 33075944K (peak: 33136424K)
Resident Set Size: 19532K (peak: 19532K) (anon: 6828K, file: 12672K, shmem: 32K)
Swapped out: 0K
C-Heap outstanding allocations: 24631K, retained: 280K
glibc malloc tunables: (default)

/proc/sys/kernel/threads-max (system-wide limit on the number of threads): 1546719
/proc/sys/vm/max_map_count (maximum number of memory map areas a process may have): 65530
/proc/sys/kernel/pid_max (system-wide limit on number of process identifiers): 4194304

container (cgroup) information:
container_type: cgroupv2
cpu_cpuset_cpus: not supported
cpu_memory_nodes: not supported
active_processor_count: 24
cpu_quota: not supported
cpu_period: not supported
cpu_shares: not supported
memory_limit_in_bytes: unlimited
memory_and_swap_limit_in_bytes: unlimited
memory_soft_limit_in_bytes: unlimited
memory_usage_in_bytes: 1728368 k
memory_max_usage_in_bytes: not supported
memory_swap_current_in_bytes: unlimited
memory_swap_max_limit_in_bytes: unlimited
maximum number of tasks: unlimited
current number of tasks: 687

VMWare virtualization detected
Steal ticks since vm start: 0
Steal ticks percentage since vm start:  0.000

CPU: total 24 (initial active 24) (1 cores per cpu, 1 threads per core) family 6 model 85 stepping 7 microcode 0x5003303, cx8, cmov, fxsr, mmx, 3dnowpref, sse, sse2, sse3, ssse3, sse4.1, sse4.2, popcnt, lzcnt, tsc, tscinvbit, avx, avx2, aes, erms, clmul, bmi1, bmi2, adx, avx512f, avx512dq, avx512cd, avx512bw, avx512vl, fma, vzeroupper, clflush, clflushopt, clwb, hv
CPU Model and flags from /proc/cpuinfo:
model name	: Intel(R) Xeon(R) Gold 6252 CPU @ 2.10GHz
flags		: fpu vme de pse tsc msr pae mce cx8 apic sep mtrr pge mca cmov pat pse36 clflush mmx fxsr sse sse2 ss syscall nx pdpe1gb rdtscp lm constant_tsc arch_perfmon nopl xtopology tsc_reliable nonstop_tsc cpuid tsc_known_freq pni pclmulqdq ssse3 fma cx16 pcid sse4_1 sse4_2 x2apic movbe popcnt tsc_deadline_timer aes xsave avx f16c rdrand hypervisor lahf_lm abm 3dnowprefetch invpcid_single ssbd ibrs ibpb stibp ibrs_enhanced fsgsbase tsc_adjust bmi1 avx2 smep bmi2 invpcid avx512f avx512dq rdseed adx smap clflushopt clwb avx512cd avx512bw avx512vl xsaveopt xsavec xsaves arat pku ospke md_clear flush_l1d arch_capabilities

Online cpus: 0-23
Offline cpus: 
BIOS frequency limitation: <Not Available>
Frequency switch latency (ns): <Not Available>
Available cpu frequencies: <Not Available>
Current governor: <Not Available>
Core performance/turbo boost: <Not Available>

Memory: 4k page, physical 198058340k(105341416k free), swap 31249404k(31249404k free)
Page Sizes: 4k

vm_info: OpenJDK 64-Bit Server VM (17.0.8.1+1) for linux-amd64 JRE (17.0.8.1+1), built on Aug 24 2023 00:00:00 by "admin" with gcc 10.3.0

END.
